<?xml version="1.0" encoding="UTF-8"?>
<!-- Generated by org.testng.reporters.JUnitReportReporter -->
<testsuite hostname="DESKTOP-939NM2N" failures="0" tests="3" name="gaia.tests.DataEntry.SampleTest" time="327.382" errors="0" timestamp="2025-08-14T19:46:56 BDT" skipped="0">
  <testcase classname="gaia.tests.DataEntry.SampleTest" name="runSampleTest2" time="84.106"/>
  <testcase classname="gaia.tests.DataEntry.SampleTest" name="runSampleTest1" time="161.291"/>
  <testcase classname="gaia.tests.DataEntry.SampleTest" name="runSampleTest3" time="81.985"/>
</testsuite> <!-- gaia.tests.DataEntry.SampleTest -->
