<?xml version="1.0" encoding="UTF-8"?>
<!-- Generated by org.testng.reporters.JUnitReportReporter -->
<testsuite hostname="DESKTOP-939NM2N" failures="0" tests="1" name="gaia.tests.DataEntry.BatchRun.createBatchRunTest" time="133.200" errors="0" timestamp="2025-09-16T14:25:06 BDT" skipped="0">
  <testcase classname="gaia.tests.DataEntry.BatchRun.createBatchRunTest" name="runCreateBatchRunTest1" time="133.200"/>
</testsuite> <!-- gaia.tests.DataEntry.BatchRun.createBatchRunTest -->
