<?xml version="1.0" encoding="UTF-8"?>
<!-- Generated by org.testng.reporters.JUnitReportReporter -->
<testsuite hostname="DESKTOP-939NM2N" failures="0" tests="3" name="gaia.tests.DataEntry.TEMDataTest" time="257.912" errors="0" timestamp="2025-09-03T16:39:06 BDT" skipped="0">
  <testcase classname="gaia.tests.DataEntry.TEMDataTest" name="runTEMDataTest2" time="4.376"/>
  <testcase classname="gaia.tests.DataEntry.TEMDataTest" name="runTEMDataTest1" time="249.865"/>
  <testcase classname="gaia.tests.DataEntry.TEMDataTest" name="runTEMDataTest3" time="3.671"/>
</testsuite> <!-- gaia.tests.DataEntry.TEMDataTest -->
