<?xml version="1.0" encoding="UTF-8"?>
<!-- Generated by org.testng.reporters.JUnitReportReporter -->
<testsuite hostname="DESKTOP-939NM2N" failures="0" tests="1" name="gaia.tests.DataEntry.TEMDataTest" time="6.163" errors="0" timestamp="2025-09-01T19:38:19 BDT" skipped="0">
  <testcase classname="gaia.tests.DataEntry.TEMDataTest" name="runTEMDataTest1" time="6.163"/>
</testsuite> <!-- gaia.tests.DataEntry.TEMDataTest -->
