<?xml version="1.0" encoding="UTF-8"?>
<!-- Generated by org.testng.reporters.JUnitReportReporter -->
<testsuite hostname="DESKTOP-939NM2N" failures="0" tests="1" name="gaia.tests.DataEntry.SampleTest" time="221.319" errors="0" timestamp="2025-08-28T19:24:07 BDT" skipped="0">
  <testcase classname="gaia.tests.DataEntry.SampleTest" name="runSampleTest1" time="221.319"/>
</testsuite> <!-- gaia.tests.DataEntry.SampleTest -->
