<?xml version="1.0" encoding="UTF-8"?>
<!-- Generated by org.testng.reporters.JUnitReportReporter -->
<testsuite hostname="DESKTOP-939NM2N" failures="0" tests="3" name="gaia.tests.DataEntry.PCMDataTest" time="74.759" errors="0" timestamp="2025-09-08T16:03:01 BDT" skipped="0">
  <testcase classname="gaia.tests.DataEntry.PCMDataTest" name="runPCMDataTest2" time="1.107"/>
  <testcase classname="gaia.tests.DataEntry.PCMDataTest" name="runPCMDataTest1" time="73.519"/>
  <testcase classname="gaia.tests.DataEntry.PCMDataTest" name="runPCMDataTest3" time="0.133"/>
</testsuite> <!-- gaia.tests.DataEntry.PCMDataTest -->
