<?xml version="1.0" encoding="UTF-8"?>
<!-- Generated by org.testng.reporters.JUnitReportReporter -->
<testsuite hostname="DESKTOP-939NM2N" failures="0" tests="1" name="gaia.tests.DataEntry.SampleTest" time="93.186" errors="0" timestamp="2025-08-15T16:30:14 BDT" skipped="0">
  <testcase classname="gaia.tests.DataEntry.SampleTest" name="runSampleTest3" time="93.186"/>
</testsuite> <!-- gaia.tests.DataEntry.SampleTest -->
