<?xml version="1.0" encoding="UTF-8"?>
<!-- Generated by org.testng.reporters.JUnitReportReporter -->
<testsuite hostname="DESKTOP-939NM2N" failures="0" tests="2" name="gaia.tests.DataEntry.TEMDataTest" time="116.986" errors="0" timestamp="2025-09-03T18:12:45 BDT" skipped="0">
  <testcase classname="gaia.tests.DataEntry.TEMDataTest" name="runTEMDataTest2" time="56.526"/>
  <testcase classname="gaia.tests.DataEntry.TEMDataTest" name="runTEMDataTest3" time="60.460"/>
</testsuite> <!-- gaia.tests.DataEntry.TEMDataTest -->
