<?xml version="1.0" encoding="UTF-8"?>
<!-- Generated by org.testng.reporters.JUnitReportReporter -->
<testsuite hostname="DESKTOP-939NM2N" failures="0" tests="1" name="gaia.tests.DataEntry.PCMDataTest" time="116.696" errors="0" timestamp="2025-09-02T18:01:45 BDT" skipped="0">
  <testcase classname="gaia.tests.DataEntry.PCMDataTest" name="runPCMDataTest1" time="116.696"/>
</testsuite> <!-- gaia.tests.DataEntry.PCMDataTest -->
