<?xml version="1.0" encoding="UTF-8"?>
<!-- Generated by org.testng.reporters.JUnitReportReporter -->
<testsuite hostname="DESKTOP-939NM2N" failures="0" tests="7" name="gaia.tests.DataEntry.SampleTest" time="527.542" errors="0" timestamp="2025-09-01T19:38:19 BDT" skipped="0">
  <testcase classname="gaia.tests.DataEntry.SampleTest" name="runSampleTest1" time="139.479"/>
  <testcase classname="gaia.tests.DataEntry.SampleTest" name="runSampleTest2" time="74.663"/>
  <testcase classname="gaia.tests.DataEntry.SampleTest" name="runSampleTest6" time="22.209"/>
  <testcase classname="gaia.tests.DataEntry.SampleTest" name="runSampleTest3" time="73.894"/>
  <testcase classname="gaia.tests.DataEntry.SampleTest" name="runSampleTest5" time="116.225"/>
  <testcase classname="gaia.tests.DataEntry.SampleTest" name="runSampleTest4" time="56.640"/>
  <testcase classname="gaia.tests.DataEntry.SampleTest" name="runSampleTest7" time="44.432"/>
</testsuite> <!-- gaia.tests.DataEntry.SampleTest -->
