<?xml version="1.0" encoding="UTF-8"?>
<!-- Generated by org.testng.reporters.JUnitReportReporter -->
<testsuite hostname="DESKTOP-939NM2N" failures="0" tests="1" name="gaia.DataEntryReports" time="58.738" errors="0" timestamp="2025-08-08T15:16:57 BDT" skipped="0">
  <testcase classname="gaia.DataEntryReports" name="runDataEntryTest" time="58.738"/>
</testsuite> <!-- gaia.DataEntryReports -->
