<?xml version="1.0" encoding="UTF-8"?>
<!-- Generated by org.testng.reporters.JUnitReportReporter -->
<testsuite hostname="DESKTOP-939NM2N" failures="0" tests="4" name="gaia.tests.DataEntry.TEMDataTest" time="584.971" errors="0" timestamp="2025-09-08T18:52:43 BDT" skipped="0">
  <testcase classname="gaia.tests.DataEntry.TEMDataTest" name="runTEMDataTest3" time="77.372"/>
  <testcase classname="gaia.tests.DataEntry.TEMDataTest" name="runTEMDataTest1" time="336.208"/>
  <testcase classname="gaia.tests.DataEntry.TEMDataTest" name="runTEMDataTest4" time="117.506"/>
  <testcase classname="gaia.tests.DataEntry.TEMDataTest" name="runTEMDataTest2" time="53.885"/>
</testsuite> <!-- gaia.tests.DataEntry.TEMDataTest -->
