<?xml version="1.0" encoding="UTF-8"?>
<!-- Generated by org.testng.reporters.JUnitReportReporter -->
<testsuite hostname="DESKTOP-939NM2N" failures="0" tests="1" name="gaia.tests.DataEntry.SampleTest" time="67.611" errors="0" timestamp="2025-08-15T15:25:03 BDT" skipped="0">
  <testcase classname="gaia.tests.DataEntry.SampleTest" name="runSampleTest7" time="67.611"/>
</testsuite> <!-- gaia.tests.DataEntry.SampleTest -->
