<?xml version="1.0" encoding="UTF-8"?>
<!-- Generated by org.testng.reporters.JUnitReportReporter -->
<testsuite hostname="DESKTOP-939NM2N" failures="0" tests="2" name="gaia.tests.DataEntry.PCMDataTest" time="229.235" errors="0" timestamp="2025-09-03T15:55:41 BDT" skipped="0">
  <testcase classname="gaia.tests.DataEntry.PCMDataTest" name="runPCMDataTest1" time="145.662"/>
  <testcase classname="gaia.tests.DataEntry.PCMDataTest" name="runPCMDataTest2" time="83.573"/>
</testsuite> <!-- gaia.tests.DataEntry.PCMDataTest -->
