<?xml version="1.0" encoding="UTF-8"?>
<!-- Generated by org.testng.reporters.JUnitReportReporter -->
<testsuite hostname="DESKTOP-939NM2N" failures="0" tests="1" name="gaia.tests.DataEntry.BatchRun.createBatchRunTest" time="138.053" errors="0" timestamp="2025-09-18T14:15:12 BDT" skipped="0">
  <testcase classname="gaia.tests.DataEntry.BatchRun.createBatchRunTest" name="runCreateBatchRunTest1" time="138.053"/>
</testsuite> <!-- gaia.tests.DataEntry.BatchRun.createBatchRunTest -->
