<?xml version="1.0" encoding="UTF-8"?>
<!-- Generated by org.testng.reporters.JUnitReportReporter -->
<testsuite hostname="DESKTOP-939NM2N" failures="0" tests="1" name="gaia.tests.DataEntry.PCMDataTest" time="226.904" errors="0" timestamp="2025-09-01T19:38:19 BDT" skipped="0">
  <testcase classname="gaia.tests.DataEntry.PCMDataTest" name="runPCMDataTest1" time="226.904"/>
</testsuite> <!-- gaia.tests.DataEntry.PCMDataTest -->
